build/app/intermediates/manifest_merge_blame_file/release/manifest-merger-blame-release-report.txt
1<?xml version="1.0" encoding="utf-8"?>
2<manifest xmlns:android="http://schemas.android.com/apk/res/android"
3    package="com.GG.CarSpot"
4    android:versionCode="6"
5    android:versionName="1.0.2" >
6
7    <uses-sdk
8        android:minSdkVersion="16"
8-->src\main\AndroidManifest.xml
9        android:targetSdkVersion="29" />
9-->src\main\AndroidManifest.xml
10
11    <uses-permission android:name="android.permission.ACCESS_FINE_LOCATION" />
11-->src\main\AndroidManifest.xml:4:5-79
11-->src\main\AndroidManifest.xml:4:22-76
12    <uses-permission android:name="android.permission.ACCESS_BACKGROUND_LOCATION" />
12-->src\main\AndroidManifest.xml:5:5-85
12-->src\main\AndroidManifest.xml:5:22-82
13    <uses-permission android:name="android.permission.ACCESS_COARSE_LOCATION" />
13-->src\main\AndroidManifest.xml:6:5-81
13-->src\main\AndroidManifest.xml:6:22-78
14    <uses-permission android:name="android.permission.INTERNET" />
14-->src\main\AndroidManifest.xml:7:5-67
14-->src\main\AndroidManifest.xml:7:22-64
15    <!-- Include required permissions for Google Maps API to run. -->
16    <uses-permission android:name="android.permission.ACCESS_NETWORK_STATE" />
16-->[com.google.android.gms:play-services-maps:17.0.0] AndroidManifest.xml:23:5-79
16-->[com.google.android.gms:play-services-maps:17.0.0] AndroidManifest.xml:23:22-76
17
18    <uses-feature
18-->[com.google.android.gms:play-services-maps:17.0.0] AndroidManifest.xml:26:5-28:35
19        android:glEsVersion="0x00020000"
19-->[com.google.android.gms:play-services-maps:17.0.0] AndroidManifest.xml:27:9-41
20        android:required="true" />
20-->[com.google.android.gms:play-services-maps:17.0.0] AndroidManifest.xml:28:9-32
21
22    <uses-permission android:name="android.permission.WAKE_LOCK" /> <!-- Required by older versions of Google Play services to create IID tokens -->
22-->[com.google.android.gms:play-services-measurement-api:17.4.1] AndroidManifest.xml:24:5-68
22-->[com.google.android.gms:play-services-measurement-api:17.4.1] AndroidManifest.xml:24:22-65
23    <uses-permission android:name="com.google.android.c2dm.permission.RECEIVE" />
23-->[com.google.firebase:firebase-iid:20.1.5] AndroidManifest.xml:26:5-82
23-->[com.google.firebase:firebase-iid:20.1.5] AndroidManifest.xml:26:22-79
24    <uses-permission android:name="com.google.android.finsky.permission.BIND_GET_INSTALL_REFERRER_SERVICE" />
24-->[com.google.android.gms:play-services-measurement:17.4.1] AndroidManifest.xml:26:5-110
24-->[com.google.android.gms:play-services-measurement:17.4.1] AndroidManifest.xml:26:22-107
25    <!--
26 io.flutter.app.FlutterApplication is an android.app.Application that
27         calls FlutterMain.startInitialization(this); in its onCreate method.
28         In most cases you can leave this as-is, but you if you want to provide
29         additional functionality it is fine to subclass or reimplement
30         FlutterApplication and put your custom class here.
31    -->
32    <application
32-->src\main\AndroidManifest.xml:13:5-59:19
33        android:name="io.flutter.app.FlutterApplication"
33-->src\main\AndroidManifest.xml:14:9-57
34        android:appComponentFactory="androidx.core.app.CoreComponentFactory"
34-->[androidx.core:core:1.2.0] AndroidManifest.xml:24:18-86
35        android:icon="@mipmap/ic_launcher"
35-->src\main\AndroidManifest.xml:16:9-43
36        android:label="CarSpot" >
36-->src\main\AndroidManifest.xml:15:9-32
37        <meta-data
37-->src\main\AndroidManifest.xml:18:9-20:70
38            android:name="com.google.android.geo.API_KEY"
38-->src\main\AndroidManifest.xml:19:13-58
39            android:value="AIzaSyC83Cjk1PzkcFiPdiCUXgvOoF4gMg-bj4c" />
39-->src\main\AndroidManifest.xml:20:13-68
40        <meta-data
40-->src\main\AndroidManifest.xml:21:9-23:69
41            android:name="com.google.android.gms.ads.APPLICATION_ID"
41-->src\main\AndroidManifest.xml:22:13-69
42            android:value="ca-app-pub-3095340973940268~3673479564" />
42-->src\main\AndroidManifest.xml:23:13-67
43
44        <activity
44-->src\main\AndroidManifest.xml:25:9-53:20
45            android:name="com.example.flutter_maps2.MainActivity"
45-->src\main\AndroidManifest.xml:26:13-41
46            android:configChanges="orientation|keyboardHidden|keyboard|screenSize|smallestScreenSize|locale|layoutDirection|fontScale|screenLayout|density|uiMode"
46-->src\main\AndroidManifest.xml:29:13-163
47            android:hardwareAccelerated="true"
47-->src\main\AndroidManifest.xml:30:13-47
48            android:launchMode="singleTop"
48-->src\main\AndroidManifest.xml:27:13-43
49            android:theme="@style/LaunchTheme"
49-->src\main\AndroidManifest.xml:28:13-47
50            android:windowSoftInputMode="adjustResize" >
50-->src\main\AndroidManifest.xml:31:13-55
51
52            <!--
53                 Specifies an Android theme to apply to this Activity as soon as
54                 the Android process has started. This theme is visible to the user
55                 while the Flutter UI initializes. After that, this theme continues
56                 to determine the Window background behind the Flutter UI.
57            -->
58            <meta-data
58-->src\main\AndroidManifest.xml:36:13-39:17
59                android:name="io.flutter.embedding.android.NormalTheme"
59-->src\main\AndroidManifest.xml:37:15-70
60                android:resource="@style/NormalTheme" />
60-->src\main\AndroidManifest.xml:38:15-52
61            <!--
62                 Displays an Android View that continues showing the launch screen
63                 Drawable until Flutter paints its first frame, then this splash
64                 screen fades out. A splash screen is useful to avoid any visual
65                 gap between the end of Android's launch screen and the painting of
66                 Flutter's first frame.
67            -->
68            <meta-data
68-->src\main\AndroidManifest.xml:45:13-48:17
69                android:name="io.flutter.embedding.android.SplashScreenDrawable"
69-->src\main\AndroidManifest.xml:46:15-79
70                android:resource="@drawable/launch_background" />
70-->src\main\AndroidManifest.xml:47:15-61
71
72            <intent-filter>
72-->src\main\AndroidManifest.xml:49:13-52:29
73                <action android:name="android.intent.action.MAIN" />
73-->src\main\AndroidManifest.xml:50:17-68
73-->src\main\AndroidManifest.xml:50:25-66
74
75                <category android:name="android.intent.category.LAUNCHER" />
75-->src\main\AndroidManifest.xml:51:17-76
75-->src\main\AndroidManifest.xml:51:27-74
76            </intent-filter>
77        </activity>
78        <!--
79             Don't delete the meta-data below.
80             This is used by the Flutter tool to generate GeneratedPluginRegistrant.java
81        -->
82        <meta-data
82-->src\main\AndroidManifest.xml:56:9-58:33
83            android:name="flutterEmbedding"
83-->src\main\AndroidManifest.xml:57:13-44
84            android:value="2" />
84-->src\main\AndroidManifest.xml:58:13-30
85
86        <service
86-->[:firebase_core] AndroidManifest.xml:8:9-12:19
87            android:name="com.google.firebase.components.ComponentDiscoveryService"
87-->[:firebase_core] AndroidManifest.xml:8:18-89
88            android:directBootAware="true"
88-->[com.google.firebase:firebase-common:19.3.0] AndroidManifest.xml:34:13-43
89            android:exported="false" >
89-->[com.google.android.gms:play-services-measurement-api:17.4.1] AndroidManifest.xml:29:13-37
90            <meta-data
90-->[:firebase_core] AndroidManifest.xml:9:13-11:85
91                android:name="com.google.firebase.components:io.flutter.plugins.firebase.core.FlutterFirebaseCoreRegistrar"
91-->[:firebase_core] AndroidManifest.xml:10:17-124
92                android:value="com.google.firebase.components.ComponentRegistrar" />
92-->[:firebase_core] AndroidManifest.xml:11:17-82
93            <meta-data
93-->[com.google.android.gms:play-services-measurement-api:17.4.1] AndroidManifest.xml:30:13-32:85
94                android:name="com.google.firebase.components:com.google.firebase.analytics.connector.internal.AnalyticsConnectorRegistrar"
94-->[com.google.android.gms:play-services-measurement-api:17.4.1] AndroidManifest.xml:31:17-139
95                android:value="com.google.firebase.components.ComponentRegistrar" />
95-->[com.google.android.gms:play-services-measurement-api:17.4.1] AndroidManifest.xml:32:17-82
96            <meta-data
96-->[com.google.firebase:firebase-iid:20.1.5] AndroidManifest.xml:32:13-34:85
97                android:name="com.google.firebase.components:com.google.firebase.iid.Registrar"
97-->[com.google.firebase:firebase-iid:20.1.5] AndroidManifest.xml:33:17-96
98                android:value="com.google.firebase.components.ComponentRegistrar" />
98-->[com.google.firebase:firebase-iid:20.1.5] AndroidManifest.xml:34:17-82
99            <meta-data
99-->[com.google.firebase:firebase-installations:16.2.1] AndroidManifest.xml:17:13-19:85
100                android:name="com.google.firebase.components:com.google.firebase.installations.FirebaseInstallationsRegistrar"
100-->[com.google.firebase:firebase-installations:16.2.1] AndroidManifest.xml:18:17-127
101                android:value="com.google.firebase.components.ComponentRegistrar" />
101-->[com.google.firebase:firebase-installations:16.2.1] AndroidManifest.xml:19:17-82
102        </service> <!-- Needs to be explicitly declared on P+ -->
103        <uses-library
103-->[com.google.android.gms:play-services-maps:17.0.0] AndroidManifest.xml:33:9-35:40
104            android:name="org.apache.http.legacy"
104-->[com.google.android.gms:play-services-maps:17.0.0] AndroidManifest.xml:34:13-50
105            android:required="false" />
105-->[com.google.android.gms:play-services-maps:17.0.0] AndroidManifest.xml:35:13-37
106
107        <receiver
107-->[com.google.firebase:firebase-iid:20.1.5] AndroidManifest.xml:37:9-44:20
108            android:name="com.google.firebase.iid.FirebaseInstanceIdReceiver"
108-->[com.google.firebase:firebase-iid:20.1.5] AndroidManifest.xml:38:13-78
109            android:exported="true"
109-->[com.google.firebase:firebase-iid:20.1.5] AndroidManifest.xml:39:13-36
110            android:permission="com.google.android.c2dm.permission.SEND" >
110-->[com.google.firebase:firebase-iid:20.1.5] AndroidManifest.xml:40:13-73
111            <intent-filter>
111-->[com.google.firebase:firebase-iid:20.1.5] AndroidManifest.xml:41:13-43:29
112                <action android:name="com.google.android.c2dm.intent.RECEIVE" />
112-->[com.google.firebase:firebase-iid:20.1.5] AndroidManifest.xml:42:17-81
112-->[com.google.firebase:firebase-iid:20.1.5] AndroidManifest.xml:42:25-78
113            </intent-filter>
114        </receiver>
115
116        <activity
116-->[com.google.android.gms:play-services-base:17.2.1] AndroidManifest.xml:23:9-26:75
117            android:name="com.google.android.gms.common.api.GoogleApiActivity"
117-->[com.google.android.gms:play-services-base:17.2.1] AndroidManifest.xml:24:13-79
118            android:exported="false"
118-->[com.google.android.gms:play-services-base:17.2.1] AndroidManifest.xml:25:13-37
119            android:theme="@android:style/Theme.Translucent.NoTitleBar" />
119-->[com.google.android.gms:play-services-base:17.2.1] AndroidManifest.xml:26:13-72
120
121        <provider
121-->[com.google.firebase:firebase-common:19.3.0] AndroidManifest.xml:26:9-30:39
122            android:name="com.google.firebase.provider.FirebaseInitProvider"
122-->[com.google.firebase:firebase-common:19.3.0] AndroidManifest.xml:27:13-77
123            android:authorities="com.GG.CarSpot.firebaseinitprovider"
123-->[com.google.firebase:firebase-common:19.3.0] AndroidManifest.xml:28:13-72
124            android:exported="false"
124-->[com.google.firebase:firebase-common:19.3.0] AndroidManifest.xml:29:13-37
125            android:initOrder="100" />
125-->[com.google.firebase:firebase-common:19.3.0] AndroidManifest.xml:30:13-36
126
127        <receiver
127-->[com.google.android.gms:play-services-measurement:17.4.1] AndroidManifest.xml:29:9-33:20
128            android:name="com.google.android.gms.measurement.AppMeasurementReceiver"
128-->[com.google.android.gms:play-services-measurement:17.4.1] AndroidManifest.xml:30:13-85
129            android:enabled="true"
129-->[com.google.android.gms:play-services-measurement:17.4.1] AndroidManifest.xml:31:13-35
130            android:exported="false" >
130-->[com.google.android.gms:play-services-measurement:17.4.1] AndroidManifest.xml:32:13-37
131        </receiver>
132
133        <service
133-->[com.google.android.gms:play-services-measurement:17.4.1] AndroidManifest.xml:35:9-38:40
134            android:name="com.google.android.gms.measurement.AppMeasurementService"
134-->[com.google.android.gms:play-services-measurement:17.4.1] AndroidManifest.xml:36:13-84
135            android:enabled="true"
135-->[com.google.android.gms:play-services-measurement:17.4.1] AndroidManifest.xml:37:13-35
136            android:exported="false" />
136-->[com.google.android.gms:play-services-measurement:17.4.1] AndroidManifest.xml:38:13-37
137        <service
137-->[com.google.android.gms:play-services-measurement:17.4.1] AndroidManifest.xml:39:9-43:72
138            android:name="com.google.android.gms.measurement.AppMeasurementJobService"
138-->[com.google.android.gms:play-services-measurement:17.4.1] AndroidManifest.xml:40:13-87
139            android:enabled="true"
139-->[com.google.android.gms:play-services-measurement:17.4.1] AndroidManifest.xml:41:13-35
140            android:exported="false"
140-->[com.google.android.gms:play-services-measurement:17.4.1] AndroidManifest.xml:42:13-37
141            android:permission="android.permission.BIND_JOB_SERVICE" /> <!-- Include the AdActivity and InAppPurchaseActivity configChanges and themes. -->
141-->[com.google.android.gms:play-services-measurement:17.4.1] AndroidManifest.xml:43:13-69
142        <activity
142-->[com.google.android.gms:play-services-ads-lite:19.1.0] AndroidManifest.xml:29:9-33:64
143            android:name="com.google.android.gms.ads.AdActivity"
143-->[com.google.android.gms:play-services-ads-lite:19.1.0] AndroidManifest.xml:30:13-65
144            android:configChanges="keyboard|keyboardHidden|orientation|screenLayout|uiMode|screenSize|smallestScreenSize"
144-->[com.google.android.gms:play-services-ads-lite:19.1.0] AndroidManifest.xml:31:13-122
145            android:exported="false"
145-->[com.google.android.gms:play-services-ads-lite:19.1.0] AndroidManifest.xml:32:13-37
146            android:theme="@android:style/Theme.Translucent" />
146-->[com.google.android.gms:play-services-ads-lite:19.1.0] AndroidManifest.xml:33:13-61
147
148        <provider
148-->[com.google.android.gms:play-services-ads-lite:19.1.0] AndroidManifest.xml:35:9-39:39
149            android:name="com.google.android.gms.ads.MobileAdsInitProvider"
149-->[com.google.android.gms:play-services-ads-lite:19.1.0] AndroidManifest.xml:36:13-76
150            android:authorities="com.GG.CarSpot.mobileadsinitprovider"
150-->[com.google.android.gms:play-services-ads-lite:19.1.0] AndroidManifest.xml:37:13-73
151            android:exported="false"
151-->[com.google.android.gms:play-services-ads-lite:19.1.0] AndroidManifest.xml:38:13-37
152            android:initOrder="100" />
152-->[com.google.android.gms:play-services-ads-lite:19.1.0] AndroidManifest.xml:39:13-36
153
154        <meta-data
154-->[com.google.android.gms:play-services-basement:17.2.1] AndroidManifest.xml:23:9-25:69
155            android:name="com.google.android.gms.version"
155-->[com.google.android.gms:play-services-basement:17.2.1] AndroidManifest.xml:24:13-58
156            android:value="@integer/google_play_services_version" />
156-->[com.google.android.gms:play-services-basement:17.2.1] AndroidManifest.xml:25:13-66
157    </application>
158
159</manifest>